-------------------------------------------------------------------------------
Test set: com.project.movietickets.service.user.BookingTicketServiceTest
-------------------------------------------------------------------------------
Tests run: 1, Failures: 1, Errors: 0, Skipped: 0, Time elapsed: 1.753 s <<< FAILURE! - in com.project.movietickets.service.user.BookingTicketServiceTest
testIsTicketValid  Time elapsed: 0.018 s  <<< FAILURE!
org.opentest4j.AssertionFailedError: expected: <false> but was: <true>
	at com.project.movietickets.service.user.BookingTicketServiceTest.testIsTicketValid(BookingTicketServiceTest.java:69)

