<?xml version="1.0" encoding="UTF-8"?>
<testsuite xmlns:xsi="http://www.w3.org/2001/XMLSchema-instance" xsi:noNamespaceSchemaLocation="https://maven.apache.org/surefire/maven-surefire-plugin/xsd/surefire-test-report.xsd" name="com.project.movietickets.service.user.BookingTicketServiceTest" time="1.753" tests="1" errors="0" skipped="0" failures="1">
  <properties>
[...]
</properties>
  <testcase name="testIsTicketValid" classname="com.project.movietickets.service.user.BookingTicketServiceTest" time="0.018">
    <failure message="expected: &lt;false&gt; but was: &lt;true&gt;" type="org.opentest4j.AssertionFailedError"><![CDATA[org.opentest4j.AssertionFailedError: expected: <false> but was: <true>
	at com.project.movietickets.service.user.BookingTicketServiceTest.testIsTicketValid(BookingTicketServiceTest.java:69)
]]></failure>
    <system-out><![CDATA[2020-09-17 12:50:11.544  INFO 28862 --- [           main] .b.t.c.SpringBootTestContextBootstrapper : Neither @ContextConfiguration nor @ContextHierarchy found for test class [com.project.movietickets.service.user.BookingTicketServiceTest], using SpringBootContextLoader
2020-09-17 12:50:11.545  INFO 28862 --- [           main] o.s.t.c.support.AbstractContextLoader    : Could not detect default resource locations for test class [com.project.movietickets.service.user.BookingTicketServiceTest]: no resource found for suffixes {-context.xml, Context.groovy}.
2020-09-17 12:50:11.545  INFO 28862 --- [           main] t.c.s.AnnotationConfigContextLoaderUtils : Could not detect default configuration classes for test class [com.project.movietickets.service.user.BookingTicketServiceTest]: BookingTicketServiceTest does not declare any static, non-private, non-final, nested classes annotated with @Configuration.
2020-09-17 12:50:11.554  INFO 28862 --- [           main] .b.t.c.SpringBootTestContextBootstrapper : Found @SpringBootConfiguration com.project.movietickets.Application for test class com.project.movietickets.service.user.BookingTicketServiceTest
2020-09-17 12:50:11.556  INFO 28862 --- [           main] .b.t.c.SpringBootTestContextBootstrapper : Loaded default TestExecutionListener class names from location [META-INF/spring.factories]: [org.springframework.boot.test.mock.mockito.MockitoTestExecutionListener, org.springframework.boot.test.mock.mockito.ResetMocksTestExecutionListener, org.springframework.boot.test.autoconfigure.restdocs.RestDocsTestExecutionListener, org.springframework.boot.test.autoconfigure.web.client.MockRestServiceServerResetTestExecutionListener, org.springframework.boot.test.autoconfigure.web.servlet.MockMvcPrintOnlyOnFailureTestExecutionListener, org.springframework.boot.test.autoconfigure.web.servlet.WebDriverTestExecutionListener, org.springframework.boot.test.autoconfigure.webservices.client.MockWebServiceServerTestExecutionListener, org.springframework.test.context.web.ServletTestExecutionListener, org.springframework.test.context.support.DirtiesContextBeforeModesTestExecutionListener, org.springframework.test.context.support.DependencyInjectionTestExecutionListener, org.springframework.test.context.support.DirtiesContextTestExecutionListener, org.springframework.test.context.transaction.TransactionalTestExecutionListener, org.springframework.test.context.jdbc.SqlScriptsTestExecutionListener, org.springframework.test.context.event.EventPublishingTestExecutionListener, org.springframework.security.test.context.support.WithSecurityContextTestExecutionListener, org.springframework.security.test.context.support.ReactorContextTestExecutionListener]
2020-09-17 12:50:11.556  INFO 28862 --- [           main] .b.t.c.SpringBootTestContextBootstrapper : Using TestExecutionListeners: [org.springframework.test.context.web.ServletTestExecutionListener@191774d6, org.springframework.test.context.support.DirtiesContextBeforeModesTestExecutionListener@21ffc00e, org.springframework.boot.test.mock.mockito.MockitoTestExecutionListener@134955bb, org.springframework.boot.test.autoconfigure.SpringBootDependencyInjectionTestExecutionListener@45b08b17, org.springframework.test.context.support.DirtiesContextTestExecutionListener@6723e6b3, org.springframework.test.context.transaction.TransactionalTestExecutionListener@3883b5e9, org.springframework.test.context.jdbc.SqlScriptsTestExecutionListener@61becbcf, org.springframework.test.context.event.EventPublishingTestExecutionListener@20171cdc, org.springframework.security.test.context.support.WithSecurityContextTestExecutionListener@58f97013, org.springframework.security.test.context.support.ReactorContextTestExecutionListener@7d70ba18, org.springframework.boot.test.mock.mockito.ResetMocksTestExecutionListener@6a07e6ca, org.springframework.boot.test.autoconfigure.restdocs.RestDocsTestExecutionListener@726ef6aa, org.springframework.boot.test.autoconfigure.web.client.MockRestServiceServerResetTestExecutionListener@6104691c, org.springframework.boot.test.autoconfigure.web.servlet.MockMvcPrintOnlyOnFailureTestExecutionListener@195cbf5e, org.springframework.boot.test.autoconfigure.web.servlet.WebDriverTestExecutionListener@4cb82b09, org.springframework.boot.test.autoconfigure.webservices.client.MockWebServiceServerTestExecutionListener@49665f92]

  .   ____          _            __ _ _
 /\\ / ___'_ __ _ _(_)_ __  __ _ \ \ \ \
( ( )\___ | '_ | '_| | '_ \/ _` | \ \ \ \
 \\/  ___)| |_)| | | | | || (_| |  ) ) ) )
  '  |____| .__|_| |_|_| |_\__, | / / / /
 =========|_|==============|___/=/_/_/_/
 :: Spring Boot ::        (v2.3.1.RELEASE)

2020-09-17 12:50:11.597  INFO 28862 --- [           main] c.p.m.s.user.BookingTicketServiceTest    : Starting BookingTicketServiceTest on PC with PID 28862 (started by vovantam in /home/vovantam/IdeaProjects/movie-tickets)
2020-09-17 12:50:11.597  INFO 28862 --- [           main] c.p.m.s.user.BookingTicketServiceTest    : No active profile set, falling back to default profiles: default
2020-09-17 12:50:11.866  INFO 28862 --- [           main] .s.d.r.c.RepositoryConfigurationDelegate : Bootstrapping Spring Data JPA repositories in DEFERRED mode.
2020-09-17 12:50:11.891  INFO 28862 --- [           main] .s.d.r.c.RepositoryConfigurationDelegate : Finished Spring Data repository scanning in 24ms. Found 10 JPA repository interfaces.
2020-09-17 12:50:12.043  INFO 28862 --- [           main] o.s.s.concurrent.ThreadPoolTaskExecutor  : Initializing ExecutorService 'applicationTaskExecutor'
2020-09-17 12:50:12.056  INFO 28862 --- [         task-1] o.hibernate.jpa.internal.util.LogHelper  : HHH000204: Processing PersistenceUnitInfo [name: default]
2020-09-17 12:50:12.061  INFO 28862 --- [         task-1] com.zaxxer.hikari.HikariDataSource       : HikariPool-3 - Starting...
2020-09-17 12:50:12.106  WARN 28862 --- [           main] JpaBaseConfiguration$JpaWebConfiguration : spring.jpa.open-in-view is enabled by default. Therefore, database queries may be performed during view rendering. Explicitly configure spring.jpa.open-in-view to disable this warning
2020-09-17 12:50:12.115  INFO 28862 --- [         task-1] com.zaxxer.hikari.HikariDataSource       : HikariPool-3 - Start completed.
2020-09-17 12:50:12.116  INFO 28862 --- [         task-1] org.hibernate.dialect.Dialect            : HHH000400: Using dialect: org.hibernate.dialect.MySQL8Dialect
2020-09-17 12:50:12.263  INFO 28862 --- [           main] o.s.s.web.DefaultSecurityFilterChain     : Creating filter chain: Ant [pattern='/dist/**'], []
2020-09-17 12:50:12.263  INFO 28862 --- [           main] o.s.s.web.DefaultSecurityFilterChain     : Creating filter chain: Ant [pattern='/plugins/**'], []
2020-09-17 12:50:12.265  INFO 28862 --- [           main] o.s.s.web.DefaultSecurityFilterChain     : Creating filter chain: Ant [pattern='/font/**'], []
2020-09-17 12:50:12.266  INFO 28862 --- [           main] o.s.s.web.DefaultSecurityFilterChain     : Creating filter chain: Ant [pattern='/css/**'], []
2020-09-17 12:50:12.267  INFO 28862 --- [           main] o.s.s.web.DefaultSecurityFilterChain     : Creating filter chain: Ant [pattern='/js/**'], []
2020-09-17 12:50:12.267  INFO 28862 --- [           main] o.s.s.web.DefaultSecurityFilterChain     : Creating filter chain: Ant [pattern='/images/**'], []
2020-09-17 12:50:12.345  INFO 28862 --- [           main] o.s.s.web.DefaultSecurityFilterChain     : Creating filter chain: any request, [org.springframework.security.web.context.request.async.WebAsyncManagerIntegrationFilter@1e592ef2, org.springframework.security.web.context.SecurityContextPersistenceFilter@1f7fcec2, org.springframework.security.web.header.HeaderWriterFilter@4f9980e1, org.springframework.security.web.authentication.logout.LogoutFilter@77e1dacd, org.springframework.security.web.authentication.UsernamePasswordAuthenticationFilter@4c3fcbe7, org.springframework.security.web.savedrequest.RequestCacheAwareFilter@796cf2b5, org.springframework.security.web.servletapi.SecurityContextHolderAwareRequestFilter@7a71ebf1, org.springframework.security.web.authentication.AnonymousAuthenticationFilter@96dfcbb, org.springframework.security.web.session.SessionManagementFilter@1f6e6f50, org.springframework.security.web.access.ExceptionTranslationFilter@58a7ca42, org.springframework.security.web.access.intercept.FilterSecurityInterceptor@446f3a53]
2020-09-17 12:50:12.773  INFO 28862 --- [           main] DeferredRepositoryInitializationListener : Triggering deferred initialization of Spring Data repositories…
2020-09-17 12:50:13.158  INFO 28862 --- [         task-1] o.h.e.t.j.p.i.JtaPlatformInitiator       : HHH000490: Using JtaPlatform implementation: [org.hibernate.engine.transaction.jta.platform.internal.NoJtaPlatform]
2020-09-17 12:50:13.158  INFO 28862 --- [         task-1] j.LocalContainerEntityManagerFactoryBean : Initialized JPA EntityManagerFactory for persistence unit 'default'
2020-09-17 12:50:13.271  INFO 28862 --- [           main] DeferredRepositoryInitializationListener : Spring Data repositories initialized!
2020-09-17 12:50:13.274  INFO 28862 --- [           main] c.p.m.s.user.BookingTicketServiceTest    : Started BookingTicketServiceTest in 1.703 seconds (JVM running for 15.05)
]]></system-out>
  </testcase>
</testsuite>